#-----------------------------------------------------------
# Vivado v2018.2 (64-bit)
# SW Build 2258646 on Thu Jun 14 20:03:12 MDT 2018
# IP Build 2256618 on Thu Jun 14 22:10:49 MDT 2018
# Start of session at: Sat Oct  1 10:24:51 2022
# Process ID: 10076
# Current directory: C:/Users/Dude/Desktop/BSUIR-Labs/7 term/APVMiS/Lab1/Lab1
# Command line: vivado.exe -gui_launcher_event rodinguilauncherevent12568 C:\Users\Dude\Desktop\BSUIR-Labs\7 term\APVMiS\Lab1\Lab1\Lab1.xpr
# Log file: C:/Users/Dude/Desktop/BSUIR-Labs/7 term/APVMiS/Lab1/Lab1/vivado.log
# Journal file: C:/Users/Dude/Desktop/BSUIR-Labs/7 term/APVMiS/Lab1/Lab1\vivado.jou
#-----------------------------------------------------------
start_gui
open_project {C:/Users/Dude/Desktop/BSUIR-Labs/7 term/APVMiS/Lab1/Lab1/Lab1.xpr}
Scanning sources...
Finished scanning sources
INFO: [IP_Flow 19-234] Refreshing IP repositories
INFO: [IP_Flow 19-1704] No user IP repositories specified
INFO: [IP_Flow 19-2313] Loaded Vivado IP repository 'F:/Vivado/Vivado/2018.2/data/ip'.
open_project: Time (s): cpu = 00:00:32 ; elapsed = 00:00:35 . Memory (MB): peak = 813.906 ; gain = 134.078
exit
INFO: [Common 17-206] Exiting Vivado at Sat Oct  1 10:26:31 2022...
