#-----------------------------------------------------------
# Vivado v2018.2 (64-bit)
# SW Build 2258646 on Thu Jun 14 20:03:12 MDT 2018
# IP Build 2256618 on Thu Jun 14 22:10:49 MDT 2018
# Start of session at: Mon Sep 26 21:31:14 2022
# Process ID: 5540
# Current directory: C:/Users/Artem/Desktop/BSUIR-Labs/7 term/APVMiS/Lab1
# Command line: vivado.exe -gui_launcher_event rodinguilauncherevent9864 C:\Users\Artem\Desktop\BSUIR-Labs\7 term\APVMiS\Lab1\Lab1.xpr
# Log file: C:/Users/Artem/Desktop/BSUIR-Labs/7 term/APVMiS/Lab1/vivado.log
# Journal file: C:/Users/Artem/Desktop/BSUIR-Labs/7 term/APVMiS/Lab1\vivado.jou
#-----------------------------------------------------------
start_gui
open_project {C:/Users/Artem/Desktop/BSUIR-Labs/7 term/APVMiS/Lab1/Lab1.xpr}
INFO: [Project 1-313] Project file moved from 'C:/Users/Dude/Desktop/BSUIR-Labs/7 term/APVMiS/Lab1' since last save.
Scanning sources...
Finished scanning sources
INFO: [IP_Flow 19-234] Refreshing IP repositories
INFO: [IP_Flow 19-1704] No user IP repositories specified
INFO: [IP_Flow 19-2313] Loaded Vivado IP repository 'D:/Xilinx/Vivado/2018.2/data/ip'.
open_project: Time (s): cpu = 00:00:16 ; elapsed = 00:00:25 . Memory (MB): peak = 818.184 ; gain = 134.785
update_compile_order -fileset sources_1
export_ip_user_files -of_objects  [get_files {{C:/Users/Artem/Desktop/BSUIR-Labs/7 term/APVMiS/Lab1/Lab1.srcs/sources_1/bd/design_1/design_1.bd}}] -no_script -reset -force -quiet
remove_files  {{C:/Users/Artem/Desktop/BSUIR-Labs/7 term/APVMiS/Lab1/Lab1.srcs/sources_1/bd/design_1/design_1.bd}}
INFO: [IP_Flow 19-234] Refreshing IP repositories
INFO: [IP_Flow 19-1704] No user IP repositories specified
file delete -force {C:/Users/Artem/Desktop/BSUIR-Labs/7 term/APVMiS/Lab1/Lab1.srcs/sources_1/bd/design_1}
launch_simulation
INFO: [Vivado 12-5682] Launching behavioral simulation in 'C:/Users/Artem/Desktop/BSUIR-Labs/7 term/APVMiS/Lab1/Lab1.sim/sim_1/behav/xsim'
INFO: [SIM-utils-51] Simulation object is 'sim_1'
INFO: [SIM-utils-54] Inspecting design source files for 'Testbench' in fileset 'sim_1'...
INFO: [USF-XSim-97] Finding global include files...
INFO: [USF-XSim-98] Fetching design files from 'sim_1'...
INFO: [USF-XSim-2] XSim::Compile design
INFO: [USF-XSim-61] Executing 'COMPILE and ANALYZE' step in 'C:/Users/Artem/Desktop/BSUIR-Labs/7 term/APVMiS/Lab1/Lab1.sim/sim_1/behav/xsim'
"xvhdl --incr --relax -prj Testbench_vhdl.prj"
INFO: [VRFC 10-163] Analyzing VHDL file "C:/Users/Artem/Desktop/BSUIR-Labs/7 term/APVMiS/Lab1/Lab1.srcs/sources_1/new/Lab1.vhd" into library xil_defaultlib
INFO: [VRFC 10-307] analyzing entity Lab1
INFO: [VRFC 10-163] Analyzing VHDL file "C:/Users/Artem/Desktop/BSUIR-Labs/7 term/APVMiS/Lab1/Lab1.srcs/sim_1/new/SimSrcLab1.vhd" into library xil_defaultlib
INFO: [VRFC 10-307] analyzing entity Testbench
run_program: Time (s): cpu = 00:00:01 ; elapsed = 00:00:09 . Memory (MB): peak = 843.066 ; gain = 0.000
INFO: [USF-XSim-69] 'compile' step finished in '9' seconds
INFO: [USF-XSim-3] XSim::Elaborate design
INFO: [USF-XSim-61] Executing 'ELABORATE' step in 'C:/Users/Artem/Desktop/BSUIR-Labs/7 term/APVMiS/Lab1/Lab1.sim/sim_1/behav/xsim'
Vivado Simulator 2018.2
Copyright 1986-1999, 2001-2018 Xilinx, Inc. All Rights Reserved.
Running: D:/Xilinx/Vivado/2018.2/bin/unwrapped/win64.o/xelab.exe -wto b9ae1409b91f429593aae47e43ef4019 --incr --debug typical --relax --mt 2 -L xil_defaultlib -L secureip --snapshot Testbench_behav xil_defaultlib.Testbench -log elaborate.log 
Using 2 slave threads.
Starting static elaboration
Completed static elaboration
Starting simulation data flow analysis
Completed simulation data flow analysis
Time Resolution for simulation is 1ps
Compiling package std.standard
Compiling package std.textio
Compiling package ieee.std_logic_1164
Compiling architecture behavioral of entity xil_defaultlib.Lab1 [lab1_default]
Compiling architecture behavioral of entity xil_defaultlib.testbench
Built simulation snapshot Testbench_behav

****** Webtalk v2018.2 (64-bit)
  **** SW Build 2258646 on Thu Jun 14 20:03:12 MDT 2018
  **** IP Build 2256618 on Thu Jun 14 22:10:49 MDT 2018
    ** Copyright 1986-2018 Xilinx, Inc. All Rights Reserved.

source C:/Users/Artem/Desktop/BSUIR-Labs/7 -notrace
couldn't read file "C:/Users/Artem/Desktop/BSUIR-Labs/7": no such file or directory
INFO: [Common 17-206] Exiting Webtalk at Mon Sep 26 21:46:36 2022...
run_program: Time (s): cpu = 00:00:01 ; elapsed = 00:00:17 . Memory (MB): peak = 845.082 ; gain = 2.016
INFO: [USF-XSim-69] 'elaborate' step finished in '17' seconds
INFO: [USF-XSim-4] XSim::Simulate design
INFO: [USF-XSim-61] Executing 'SIMULATE' step in 'C:/Users/Artem/Desktop/BSUIR-Labs/7 term/APVMiS/Lab1/Lab1.sim/sim_1/behav/xsim'
INFO: [USF-XSim-98] *** Running xsim
   with args "Testbench_behav -key {Behavioral:sim_1:Functional:Testbench} -tclbatch {Testbench.tcl} -view {{C:/Users/Artem/Desktop/BSUIR-Labs/7 term/APVMiS/Lab1/Testbench_behav.wcfg}} -log {simulate.log}"
INFO: [USF-XSim-8] Loading simulator feature
Vivado Simulator 2018.2
Time resolution is 1 ps
open_wave_config {C:/Users/Artem/Desktop/BSUIR-Labs/7 term/APVMiS/Lab1/Testbench_behav.wcfg}
source Testbench.tcl
# set curr_wave [current_wave_config]
# if { [string length $curr_wave] == 0 } {
#   if { [llength [get_objects]] > 0} {
#     add_wave /
#     set_property needs_save false [current_wave_config]
#   } else {
#      send_msg_id Add_Wave-1 WARNING "No top level signals found. Simulator will start without a wave window. If you want to open a wave window go to 'File->New Waveform Configuration' or type 'create_wave_config' in the TCL console."
#   }
# }
# run 1000ns
xsim: Time (s): cpu = 00:00:04 ; elapsed = 00:00:07 . Memory (MB): peak = 858.523 ; gain = 12.855
INFO: [USF-XSim-96] XSim completed. Design snapshot 'Testbench_behav' loaded.
INFO: [USF-XSim-97] XSim simulation ran for 1000ns
launch_simulation: Time (s): cpu = 00:00:06 ; elapsed = 00:00:34 . Memory (MB): peak = 858.523 ; gain = 15.457
launch_simulation
INFO: [Vivado 12-5682] Launching behavioral simulation in 'C:/Users/Artem/Desktop/BSUIR-Labs/7 term/APVMiS/Lab1/Lab1.sim/sim_1/behav/xsim'
INFO: [SIM-utils-51] Simulation object is 'sim_1'
INFO: [SIM-utils-54] Inspecting design source files for 'lab1_tb' in fileset 'sim_1'...
INFO: [USF-XSim-97] Finding global include files...
INFO: [USF-XSim-98] Fetching design files from 'sim_1'...
INFO: [USF-XSim-2] XSim::Compile design
INFO: [USF-XSim-61] Executing 'COMPILE and ANALYZE' step in 'C:/Users/Artem/Desktop/BSUIR-Labs/7 term/APVMiS/Lab1/Lab1.sim/sim_1/behav/xsim'
"xvhdl --incr --relax -prj lab1_tb_vhdl.prj"
INFO: [VRFC 10-163] Analyzing VHDL file "C:/Users/Artem/Desktop/BSUIR-Labs/7 term/APVMiS/Lab1/Lab1.srcs/sources_1/new/Lab1.vhd" into library xil_defaultlib
INFO: [VRFC 10-307] analyzing entity lab1
INFO: [VRFC 10-163] Analyzing VHDL file "C:/Users/Artem/Desktop/BSUIR-Labs/7 term/APVMiS/Lab1/Lab1.srcs/sim_1/new/SimSrcLab1.vhd" into library xil_defaultlib
INFO: [VRFC 10-307] analyzing entity lab1_tb
INFO: [USF-XSim-69] 'compile' step finished in '2' seconds
INFO: [USF-XSim-3] XSim::Elaborate design
INFO: [USF-XSim-61] Executing 'ELABORATE' step in 'C:/Users/Artem/Desktop/BSUIR-Labs/7 term/APVMiS/Lab1/Lab1.sim/sim_1/behav/xsim'
Vivado Simulator 2018.2
Copyright 1986-1999, 2001-2018 Xilinx, Inc. All Rights Reserved.
Running: D:/Xilinx/Vivado/2018.2/bin/unwrapped/win64.o/xelab.exe -wto b9ae1409b91f429593aae47e43ef4019 --incr --debug typical --relax --mt 2 -L xil_defaultlib -L secureip --snapshot lab1_tb_behav xil_defaultlib.lab1_tb -log elaborate.log 
Using 2 slave threads.
Starting static elaboration
Completed static elaboration
Starting simulation data flow analysis
Completed simulation data flow analysis
Time Resolution for simulation is 1ps
Compiling package std.standard
Compiling package std.textio
Compiling package ieee.std_logic_1164
Compiling package ieee.std_logic_arith
Compiling package ieee.std_logic_unsigned
Compiling architecture behavioral of entity xil_defaultlib.lab1 [lab1_default_uniq_0]
Compiling architecture behavioral2 of entity xil_defaultlib.lab1 [lab1_default_uniq_1]
Compiling architecture tb of entity xil_defaultlib.lab1_tb
Built simulation snapshot lab1_tb_behav

****** Webtalk v2018.2 (64-bit)
  **** SW Build 2258646 on Thu Jun 14 20:03:12 MDT 2018
  **** IP Build 2256618 on Thu Jun 14 22:10:49 MDT 2018
    ** Copyright 1986-2018 Xilinx, Inc. All Rights Reserved.

source C:/Users/Artem/Desktop/BSUIR-Labs/7 -notrace
couldn't read file "C:/Users/Artem/Desktop/BSUIR-Labs/7": no such file or directory
INFO: [Common 17-206] Exiting Webtalk at Mon Sep 26 21:50:57 2022...
INFO: [USF-XSim-69] 'elaborate' step finished in '4' seconds
INFO: [USF-XSim-4] XSim::Simulate design
INFO: [USF-XSim-61] Executing 'SIMULATE' step in 'C:/Users/Artem/Desktop/BSUIR-Labs/7 term/APVMiS/Lab1/Lab1.sim/sim_1/behav/xsim'
INFO: [USF-XSim-98] *** Running xsim
   with args "lab1_tb_behav -key {Behavioral:sim_1:Functional:lab1_tb} -tclbatch {lab1_tb.tcl} -view {{C:/Users/Artem/Desktop/BSUIR-Labs/7 term/APVMiS/Lab1/Testbench_behav.wcfg}} -log {simulate.log}"
INFO: [USF-XSim-8] Loading simulator feature
Vivado Simulator 2018.2
Time resolution is 1 ps
open_wave_config {C:/Users/Artem/Desktop/BSUIR-Labs/7 term/APVMiS/Lab1/Testbench_behav.wcfg}
WARNING: Simulation object /Testbench/a was not found in the design.
WARNING: Simulation object /Testbench/b was not found in the design.
WARNING: Simulation object /Testbench/result was not found in the design.
source lab1_tb.tcl
# set curr_wave [current_wave_config]
# if { [string length $curr_wave] == 0 } {
#   if { [llength [get_objects]] > 0} {
#     add_wave /
#     set_property needs_save false [current_wave_config]
#   } else {
#      send_msg_id Add_Wave-1 WARNING "No top level signals found. Simulator will start without a wave window. If you want to open a wave window go to 'File->New Waveform Configuration' or type 'create_wave_config' in the TCL console."
#   }
# }
# run 1000ns
INFO: [USF-XSim-96] XSim completed. Design snapshot 'lab1_tb_behav' loaded.
INFO: [USF-XSim-97] XSim simulation ran for 1000ns
launch_simulation: Time (s): cpu = 00:00:03 ; elapsed = 00:00:07 . Memory (MB): peak = 876.535 ; gain = 7.309
reset_run synth_1
WARNING: [Vivado 12-1017] Problems encountered:
1. Failed to delete one or more files in run directory C:/Users/Artem/Desktop/BSUIR-Labs/7 term/APVMiS/Lab1/Lab1.runs/synth_1

launch_runs synth_1 -jobs 2
[Mon Sep 26 21:51:38 2022] Launched synth_1...
Run output will be captured here: C:/Users/Artem/Desktop/BSUIR-Labs/7 term/APVMiS/Lab1/Lab1.runs/synth_1/runme.log
close_sim
INFO: [Simtcl 6-16] Simulation closed
launch_simulation
INFO: [Vivado 12-5682] Launching behavioral simulation in 'C:/Users/Artem/Desktop/BSUIR-Labs/7 term/APVMiS/Lab1/Lab1.sim/sim_1/behav/xsim'
INFO: [SIM-utils-51] Simulation object is 'sim_1'
INFO: [SIM-utils-54] Inspecting design source files for 'lab1_tb' in fileset 'sim_1'...
INFO: [USF-XSim-97] Finding global include files...
INFO: [USF-XSim-98] Fetching design files from 'sim_1'...
INFO: [USF-XSim-2] XSim::Compile design
INFO: [USF-XSim-61] Executing 'COMPILE and ANALYZE' step in 'C:/Users/Artem/Desktop/BSUIR-Labs/7 term/APVMiS/Lab1/Lab1.sim/sim_1/behav/xsim'
"xvhdl --incr --relax -prj lab1_tb_vhdl.prj"
INFO: [VRFC 10-163] Analyzing VHDL file "C:/Users/Artem/Desktop/BSUIR-Labs/7 term/APVMiS/Lab1/Lab1.srcs/sim_1/new/SimSrcLab1.vhd" into library xil_defaultlib
INFO: [VRFC 10-307] analyzing entity lab1_tb
INFO: [USF-XSim-69] 'compile' step finished in '2' seconds
INFO: [USF-XSim-3] XSim::Elaborate design
INFO: [USF-XSim-61] Executing 'ELABORATE' step in 'C:/Users/Artem/Desktop/BSUIR-Labs/7 term/APVMiS/Lab1/Lab1.sim/sim_1/behav/xsim'
Vivado Simulator 2018.2
Copyright 1986-1999, 2001-2018 Xilinx, Inc. All Rights Reserved.
Running: D:/Xilinx/Vivado/2018.2/bin/unwrapped/win64.o/xelab.exe -wto b9ae1409b91f429593aae47e43ef4019 --incr --debug typical --relax --mt 2 -L xil_defaultlib -L secureip --snapshot lab1_tb_behav xil_defaultlib.lab1_tb -log elaborate.log 
Using 2 slave threads.
Starting static elaboration
Completed static elaboration
Starting simulation data flow analysis
Completed simulation data flow analysis
Time Resolution for simulation is 1ps
Compiling package std.standard
Compiling package std.textio
Compiling package ieee.std_logic_1164
Compiling package ieee.std_logic_arith
Compiling package ieee.std_logic_unsigned
Compiling architecture behavioral of entity xil_defaultlib.lab1 [lab1_default_uniq_0]
Compiling architecture behavioral2 of entity xil_defaultlib.lab1 [lab1_default_uniq_1]
Compiling architecture tb of entity xil_defaultlib.lab1_tb
Built simulation snapshot lab1_tb_behav
INFO: [USF-XSim-69] 'elaborate' step finished in '3' seconds
INFO: [USF-XSim-4] XSim::Simulate design
INFO: [USF-XSim-61] Executing 'SIMULATE' step in 'C:/Users/Artem/Desktop/BSUIR-Labs/7 term/APVMiS/Lab1/Lab1.sim/sim_1/behav/xsim'
INFO: [USF-XSim-98] *** Running xsim
   with args "lab1_tb_behav -key {Behavioral:sim_1:Functional:lab1_tb} -tclbatch {lab1_tb.tcl} -view {{C:/Users/Artem/Desktop/BSUIR-Labs/7 term/APVMiS/Lab1/Testbench_behav.wcfg}} -log {simulate.log}"
INFO: [USF-XSim-8] Loading simulator feature
Vivado Simulator 2018.2
Time resolution is 1 ps
open_wave_config {C:/Users/Artem/Desktop/BSUIR-Labs/7 term/APVMiS/Lab1/Testbench_behav.wcfg}
WARNING: Simulation object /Testbench/a was not found in the design.
WARNING: Simulation object /Testbench/b was not found in the design.
WARNING: Simulation object /Testbench/result was not found in the design.
source lab1_tb.tcl
# set curr_wave [current_wave_config]
# if { [string length $curr_wave] == 0 } {
#   if { [llength [get_objects]] > 0} {
#     add_wave /
#     set_property needs_save false [current_wave_config]
#   } else {
#      send_msg_id Add_Wave-1 WARNING "No top level signals found. Simulator will start without a wave window. If you want to open a wave window go to 'File->New Waveform Configuration' or type 'create_wave_config' in the TCL console."
#   }
# }
# run 1000ns
INFO: [USF-XSim-96] XSim completed. Design snapshot 'lab1_tb_behav' loaded.
INFO: [USF-XSim-97] XSim simulation ran for 1000ns
launch_simulation: Time (s): cpu = 00:00:03 ; elapsed = 00:00:07 . Memory (MB): peak = 889.934 ; gain = 0.000
export_ip_user_files -of_objects  [get_files {{C:/Users/Artem/Desktop/BSUIR-Labs/7 term/APVMiS/Lab1/Testbench_behav.wcfg}}] -no_script -reset -force -quiet
remove_files  -fileset sim_1 {{C:/Users/Artem/Desktop/BSUIR-Labs/7 term/APVMiS/Lab1/Testbench_behav.wcfg}}
remove_files  -fileset sim_1 {{C:/Users/Artem/Desktop/BSUIR-Labs/7 term/APVMiS/Lab1/Testbench_behav.wcfg}}
WARNING: [Vivado 12-818] No files matched 'C:/Users/Artem/Desktop/BSUIR-Labs/7 term/APVMiS/Lab1/Testbench_behav.wcfg'
close_sim
INFO: [Simtcl 6-16] Simulation closed
launch_simulation
INFO: [Vivado 12-5682] Launching behavioral simulation in 'C:/Users/Artem/Desktop/BSUIR-Labs/7 term/APVMiS/Lab1/Lab1.sim/sim_1/behav/xsim'
INFO: [SIM-utils-51] Simulation object is 'sim_1'
INFO: [SIM-utils-54] Inspecting design source files for 'lab1_tb' in fileset 'sim_1'...
INFO: [USF-XSim-97] Finding global include files...
INFO: [USF-XSim-98] Fetching design files from 'sim_1'...
INFO: [USF-XSim-2] XSim::Compile design
INFO: [USF-XSim-61] Executing 'COMPILE and ANALYZE' step in 'C:/Users/Artem/Desktop/BSUIR-Labs/7 term/APVMiS/Lab1/Lab1.sim/sim_1/behav/xsim'
"xvhdl --incr --relax -prj lab1_tb_vhdl.prj"
INFO: [USF-XSim-69] 'compile' step finished in '1' seconds
INFO: [USF-XSim-3] XSim::Elaborate design
INFO: [USF-XSim-61] Executing 'ELABORATE' step in 'C:/Users/Artem/Desktop/BSUIR-Labs/7 term/APVMiS/Lab1/Lab1.sim/sim_1/behav/xsim'
Vivado Simulator 2018.2
Copyright 1986-1999, 2001-2018 Xilinx, Inc. All Rights Reserved.
Running: D:/Xilinx/Vivado/2018.2/bin/unwrapped/win64.o/xelab.exe -wto b9ae1409b91f429593aae47e43ef4019 --incr --debug typical --relax --mt 2 -L xil_defaultlib -L secureip --snapshot lab1_tb_behav xil_defaultlib.lab1_tb -log elaborate.log 
Using 2 slave threads.
Starting static elaboration
Completed static elaboration
INFO: [XSIM 43-4323] No Change in HDL. Linking previously generated obj files to create kernel
INFO: [USF-XSim-69] 'elaborate' step finished in '2' seconds
INFO: [USF-XSim-4] XSim::Simulate design
INFO: [USF-XSim-61] Executing 'SIMULATE' step in 'C:/Users/Artem/Desktop/BSUIR-Labs/7 term/APVMiS/Lab1/Lab1.sim/sim_1/behav/xsim'
INFO: [USF-XSim-98] *** Running xsim
   with args "lab1_tb_behav -key {Behavioral:sim_1:Functional:lab1_tb} -tclbatch {lab1_tb.tcl} -log {simulate.log}"
INFO: [USF-XSim-8] Loading simulator feature
Vivado Simulator 2018.2
Time resolution is 1 ps
source lab1_tb.tcl
# set curr_wave [current_wave_config]
# if { [string length $curr_wave] == 0 } {
#   if { [llength [get_objects]] > 0} {
#     add_wave /
#     set_property needs_save false [current_wave_config]
#   } else {
#      send_msg_id Add_Wave-1 WARNING "No top level signals found. Simulator will start without a wave window. If you want to open a wave window go to 'File->New Waveform Configuration' or type 'create_wave_config' in the TCL console."
#   }
# }
# run 1000ns
INFO: [USF-XSim-96] XSim completed. Design snapshot 'lab1_tb_behav' loaded.
INFO: [USF-XSim-97] XSim simulation ran for 1000ns
launch_simulation: Time (s): cpu = 00:00:02 ; elapsed = 00:00:05 . Memory (MB): peak = 889.934 ; gain = 0.000
close_sim
INFO: [Simtcl 6-16] Simulation closed
close_sim
INFO: [Simtcl 6-16] Simulation closed
exit
INFO: [Common 17-206] Exiting Vivado at Mon Sep 26 21:55:58 2022...
