#-----------------------------------------------------------
# Vivado v2018.2 (64-bit)
# SW Build 2258646 on Thu Jun 14 20:03:12 MDT 2018
# IP Build 2256618 on Thu Jun 14 22:10:49 MDT 2018
# Start of session at: Mon Sep 26 21:56:31 2022
# Process ID: 2448
# Current directory: C:/Users/Artem/Desktop/BSUIR-Labs/7 term/APVMiS/Lab1/Lab1
# Command line: vivado.exe -gui_launcher_event rodinguilauncherevent3384 C:\Users\Artem\Desktop\BSUIR-Labs\7 term\APVMiS\Lab1\Lab1\Lab1.xpr
# Log file: C:/Users/Artem/Desktop/BSUIR-Labs/7 term/APVMiS/Lab1/Lab1/vivado.log
# Journal file: C:/Users/Artem/Desktop/BSUIR-Labs/7 term/APVMiS/Lab1/Lab1\vivado.jou
#-----------------------------------------------------------
start_gui
open_project {C:/Users/Artem/Desktop/BSUIR-Labs/7 term/APVMiS/Lab1/Lab1/Lab1.xpr}
INFO: [Project 1-313] Project file moved from 'C:/Users/Artem/Desktop/BSUIR-Labs/7 term/APVMiS/Lab1' since last save.
Scanning sources...
Finished scanning sources
INFO: [IP_Flow 19-234] Refreshing IP repositories
INFO: [IP_Flow 19-1704] No user IP repositories specified
INFO: [IP_Flow 19-2313] Loaded Vivado IP repository 'D:/Xilinx/Vivado/2018.2/data/ip'.
open_project: Time (s): cpu = 00:00:11 ; elapsed = 00:00:07 . Memory (MB): peak = 879.828 ; gain = 173.691
update_compile_order -fileset sources_1
launch_simulation
INFO: [Vivado 12-5682] Launching behavioral simulation in 'C:/Users/Artem/Desktop/BSUIR-Labs/7 term/APVMiS/Lab1/Lab1/Lab1.sim/sim_1/behav/xsim'
INFO: [SIM-utils-51] Simulation object is 'sim_1'
INFO: [SIM-utils-54] Inspecting design source files for 'lab1_tb' in fileset 'sim_1'...
INFO: [USF-XSim-97] Finding global include files...
INFO: [USF-XSim-98] Fetching design files from 'sim_1'...
INFO: [USF-XSim-2] XSim::Compile design
INFO: [USF-XSim-61] Executing 'COMPILE and ANALYZE' step in 'C:/Users/Artem/Desktop/BSUIR-Labs/7 term/APVMiS/Lab1/Lab1/Lab1.sim/sim_1/behav/xsim'
"xvhdl --incr --relax -prj lab1_tb_vhdl.prj"
INFO: [VRFC 10-163] Analyzing VHDL file "C:/Users/Artem/Desktop/BSUIR-Labs/7 term/APVMiS/Lab1/Lab1/Lab1.srcs/sources_1/new/Lab1.vhd" into library xil_defaultlib
INFO: [VRFC 10-307] analyzing entity lab1
INFO: [VRFC 10-163] Analyzing VHDL file "C:/Users/Artem/Desktop/BSUIR-Labs/7 term/APVMiS/Lab1/Lab1/Lab1.srcs/sim_1/new/SimSrcLab1.vhd" into library xil_defaultlib
INFO: [VRFC 10-307] analyzing entity lab1_tb
INFO: [USF-XSim-69] 'compile' step finished in '2' seconds
INFO: [USF-XSim-3] XSim::Elaborate design
INFO: [USF-XSim-61] Executing 'ELABORATE' step in 'C:/Users/Artem/Desktop/BSUIR-Labs/7 term/APVMiS/Lab1/Lab1/Lab1.sim/sim_1/behav/xsim'
Vivado Simulator 2018.2
Copyright 1986-1999, 2001-2018 Xilinx, Inc. All Rights Reserved.
Running: D:/Xilinx/Vivado/2018.2/bin/unwrapped/win64.o/xelab.exe -wto b9ae1409b91f429593aae47e43ef4019 --incr --debug typical --relax --mt 2 -L xil_defaultlib -L secureip --snapshot lab1_tb_behav xil_defaultlib.lab1_tb -log elaborate.log 
Using 2 slave threads.
Starting static elaboration
Completed static elaboration
Starting simulation data flow analysis
Completed simulation data flow analysis
Time Resolution for simulation is 1ps
Compiling package std.standard
Compiling package std.textio
Compiling package ieee.std_logic_1164
Compiling package ieee.std_logic_arith
Compiling package ieee.std_logic_unsigned
Compiling architecture behavioral of entity xil_defaultlib.lab1 [lab1_default_uniq_0]
Compiling architecture behavioral2 of entity xil_defaultlib.lab1 [lab1_default_uniq_1]
Compiling architecture tb of entity xil_defaultlib.lab1_tb
Built simulation snapshot lab1_tb_behav
INFO: [USF-XSim-69] 'elaborate' step finished in '2' seconds
INFO: [USF-XSim-4] XSim::Simulate design
INFO: [USF-XSim-61] Executing 'SIMULATE' step in 'C:/Users/Artem/Desktop/BSUIR-Labs/7 term/APVMiS/Lab1/Lab1/Lab1.sim/sim_1/behav/xsim'
INFO: [USF-XSim-98] *** Running xsim
   with args "lab1_tb_behav -key {Behavioral:sim_1:Functional:lab1_tb} -tclbatch {lab1_tb.tcl} -log {simulate.log}"
INFO: [USF-XSim-8] Loading simulator feature
Vivado Simulator 2018.2
Time resolution is 1 ps
source lab1_tb.tcl
# set curr_wave [current_wave_config]
# if { [string length $curr_wave] == 0 } {
#   if { [llength [get_objects]] > 0} {
#     add_wave /
#     set_property needs_save false [current_wave_config]
#   } else {
#      send_msg_id Add_Wave-1 WARNING "No top level signals found. Simulator will start without a wave window. If you want to open a wave window go to 'File->New Waveform Configuration' or type 'create_wave_config' in the TCL console."
#   }
# }
# run 1000ns
INFO: [USF-XSim-96] XSim completed. Design snapshot 'lab1_tb_behav' loaded.
INFO: [USF-XSim-97] XSim simulation ran for 1000ns
launch_simulation: Time (s): cpu = 00:00:04 ; elapsed = 00:00:08 . Memory (MB): peak = 952.945 ; gain = 0.000
close_sim
INFO: [Simtcl 6-16] Simulation closed
exit
INFO: [Common 17-206] Exiting Vivado at Mon Sep 26 22:56:07 2022...
