#-----------------------------------------------------------
# Vivado v2018.2 (64-bit)
# SW Build 2258646 on Thu Jun 14 20:03:12 MDT 2018
# IP Build 2256618 on Thu Jun 14 22:10:49 MDT 2018
# Start of session at: Sat Oct  1 10:28:14 2022
# Process ID: 1444
# Current directory: C:/Users/Dude/Desktop/BSUIR-Labs/7 term/APVMiS/Lab1/Lab1
# Command line: vivado.exe -gui_launcher_event rodinguilauncherevent4576 C:\Users\Dude\Desktop\BSUIR-Labs\7 term\APVMiS\Lab1\Lab1\Lab1.xpr
# Log file: C:/Users/Dude/Desktop/BSUIR-Labs/7 term/APVMiS/Lab1/Lab1/vivado.log
# Journal file: C:/Users/Dude/Desktop/BSUIR-Labs/7 term/APVMiS/Lab1/Lab1\vivado.jou
#-----------------------------------------------------------
start_gui
open_project {C:/Users/Dude/Desktop/BSUIR-Labs/7 term/APVMiS/Lab1/Lab1/Lab1.xpr}
Scanning sources...
Finished scanning sources
INFO: [IP_Flow 19-234] Refreshing IP repositories
INFO: [IP_Flow 19-1704] No user IP repositories specified
INFO: [IP_Flow 19-2313] Loaded Vivado IP repository 'F:/Vivado/Vivado/2018.2/data/ip'.
open_project: Time (s): cpu = 00:00:21 ; elapsed = 00:00:09 . Memory (MB): peak = 795.254 ; gain = 115.141
update_compile_order -fileset sources_1
launch_simulation
INFO: [Vivado 12-5682] Launching behavioral simulation in 'C:/Users/Dude/Desktop/BSUIR-Labs/7 term/APVMiS/Lab1/Lab1/Lab1.sim/sim_1/behav/xsim'
INFO: [SIM-utils-51] Simulation object is 'sim_1'
INFO: [SIM-utils-54] Inspecting design source files for 'lab1_tb' in fileset 'sim_1'...
INFO: [USF-XSim-97] Finding global include files...
INFO: [USF-XSim-98] Fetching design files from 'sim_1'...
INFO: [USF-XSim-2] XSim::Compile design
INFO: [USF-XSim-61] Executing 'COMPILE and ANALYZE' step in 'C:/Users/Dude/Desktop/BSUIR-Labs/7 term/APVMiS/Lab1/Lab1/Lab1.sim/sim_1/behav/xsim'
"xvhdl --incr --relax -prj lab1_tb_vhdl.prj"
INFO: [USF-XSim-69] 'compile' step finished in '2' seconds
INFO: [USF-XSim-3] XSim::Elaborate design
INFO: [USF-XSim-61] Executing 'ELABORATE' step in 'C:/Users/Dude/Desktop/BSUIR-Labs/7 term/APVMiS/Lab1/Lab1/Lab1.sim/sim_1/behav/xsim'
Vivado Simulator 2018.2
Copyright 1986-1999, 2001-2018 Xilinx, Inc. All Rights Reserved.
Running: F:/Vivado/Vivado/2018.2/bin/unwrapped/win64.o/xelab.exe -wto b9ae1409b91f429593aae47e43ef4019 --incr --debug typical --relax --mt 2 -L xil_defaultlib -L secureip --snapshot lab1_tb_behav xil_defaultlib.lab1_tb -log elaborate.log 
Using 2 slave threads.
Starting static elaboration
Completed static elaboration
INFO: [XSIM 43-4323] No Change in HDL. Linking previously generated obj files to create kernel
INFO: [USF-XSim-69] 'elaborate' step finished in '4' seconds
INFO: [USF-XSim-4] XSim::Simulate design
INFO: [USF-XSim-61] Executing 'SIMULATE' step in 'C:/Users/Dude/Desktop/BSUIR-Labs/7 term/APVMiS/Lab1/Lab1/Lab1.sim/sim_1/behav/xsim'
INFO: [USF-XSim-98] *** Running xsim
   with args "lab1_tb_behav -key {Behavioral:sim_1:Functional:lab1_tb} -tclbatch {lab1_tb.tcl} -log {simulate.log}"
INFO: [USF-XSim-8] Loading simulator feature
Vivado Simulator 2018.2
Time resolution is 1 ps
source lab1_tb.tcl
# set curr_wave [current_wave_config]
# if { [string length $curr_wave] == 0 } {
#   if { [llength [get_objects]] > 0} {
#     add_wave /
#     set_property needs_save false [current_wave_config]
#   } else {
#      send_msg_id Add_Wave-1 WARNING "No top level signals found. Simulator will start without a wave window. If you want to open a wave window go to 'File->New Waveform Configuration' or type 'create_wave_config' in the TCL console."
#   }
# }
# run 1000ns
INFO: [USF-XSim-96] XSim completed. Design snapshot 'lab1_tb_behav' loaded.
INFO: [USF-XSim-97] XSim simulation ran for 1000ns
launch_simulation: Time (s): cpu = 00:00:09 ; elapsed = 00:00:11 . Memory (MB): peak = 840.551 ; gain = 13.117
close_sim
INFO: [Simtcl 6-16] Simulation closed
exit
INFO: [Common 17-206] Exiting Vivado at Sat Oct  1 10:58:45 2022...
