#-----------------------------------------------------------
# Vivado v2018.2 (64-bit)
# SW Build 2258646 on Thu Jun 14 20:03:12 MDT 2018
# IP Build 2256618 on Thu Jun 14 22:10:49 MDT 2018
# Start of session at: Sat Oct  1 10:37:57 2022
# Process ID: 7856
# Current directory: C:/Users/Dude/Desktop/BSUIR-Labs/7 term/APVMiS/Lab2/Lab2/Lab2
# Command line: vivado.exe -gui_launcher_event rodinguilauncherevent7396 C:\Users\Dude\Desktop\BSUIR-Labs\7 term\APVMiS\Lab2\Lab2\Lab2\Lab2.xpr
# Log file: C:/Users/Dude/Desktop/BSUIR-Labs/7 term/APVMiS/Lab2/Lab2/Lab2/vivado.log
# Journal file: C:/Users/Dude/Desktop/BSUIR-Labs/7 term/APVMiS/Lab2/Lab2/Lab2\vivado.jou
#-----------------------------------------------------------
start_gui
open_project {C:/Users/Dude/Desktop/BSUIR-Labs/7 term/APVMiS/Lab2/Lab2/Lab2/Lab2.xpr}
Scanning sources...
Finished scanning sources
INFO: [IP_Flow 19-234] Refreshing IP repositories
INFO: [IP_Flow 19-1704] No user IP repositories specified
INFO: [IP_Flow 19-2313] Loaded Vivado IP repository 'F:/Vivado/Vivado/2018.2/data/ip'.
open_project: Time (s): cpu = 00:00:10 ; elapsed = 00:00:05 . Memory (MB): peak = 856.238 ; gain = 111.504
update_compile_order -fileset sources_1
update_compile_order -fileset sources_1
update_compile_order -fileset sources_1
update_compile_order -fileset sources_1
update_compile_order -fileset sources_1
update_compile_order -fileset sources_1
update_compile_order -fileset sources_1
exit
INFO: [Common 17-206] Exiting Vivado at Sat Oct  1 10:58:39 2022...
